<?xml version="1.0" encoding="UTF-8"?>
<!-- Generated by org.testng.reporters.JUnitReportReporter -->
<testsuite hostname="DESKTOP-S8N9NUL" failures="0" tests="2" name="TestRunner.TestNgRunner" time="1.820" errors="0" timestamp="2023-01-27T16:02:30 IST" skipped="0">
  <testcase classname="TestRunner.TestNgRunner" name="runScenario" time="0.317"/>
  <system-out/>
  <testcase classname="TestRunner.TestNgRunner" name="runScenario" time="1.503"/>
  <system-out/>
</testsuite> <!-- TestRunner.TestNgRunner -->
